<?xml version="1.0" encoding="UTF-8"?>
<!-- Generated by org.testng.reporters.JUnitXMLReporter -->
<testsuite ignored="3" hostname="DESKTOP-UCD2CKU" failures="0" tests="1" name="Default test" time="8.118" errors="0" timestamp="2024-10-22T10:53:41 EET">
  <testcase classname="MyTestCases" name="AddToCart" time="6.472"/>
  <testcase classname="MyTestCases" name="signUp" time="0.0">
    <ignored/>
  </testcase> <!-- signUp -->
  <testcase classname="MyTestCases" name="signOut" time="0.0">
    <ignored/>
  </testcase> <!-- signOut -->
  <testcase classname="MyTestCases" name="login" time="0.0">
    <ignored/>
  </testcase> <!-- login -->
</testsuite> <!-- Default test -->
