<?xml version="1.0" encoding="UTF-8"?>
<testng-results ignored="3" total="4" passed="1" failed="0" skipped="0">
  <reporter-output>
  </reporter-output>
  <suite started-at="2024-10-22T10:53:32 EET" name="Default suite" finished-at="2024-10-22T10:53:41 EET" duration-ms="8118">
    <groups>
    </groups>
    <test started-at="2024-10-22T10:53:32 EET" name="Default test" finished-at="2024-10-22T10:53:41 EET" duration-ms="8118">
      <class name="MyTestCases">
        <test-method is-config="true" signature="setup()[pri:0, instance:MyTestCases@4a194c39]" started-at="2024-10-22T10:53:32 EET" name="setup" finished-at="2024-10-22T10:53:34 EET" duration-ms="1617" status="PASS">
          <reporter-output>
          </reporter-output>
        </test-method> <!-- setup -->
        <test-method signature="AddToCart()[pri:4, instance:MyTestCases@4a194c39]" started-at="2024-10-22T10:53:34 EET" name="AddToCart" finished-at="2024-10-22T10:53:41 EET" duration-ms="6472" status="PASS">
          <reporter-output>
          </reporter-output>
        </test-method> <!-- AddToCart -->
      </class> <!-- MyTestCases -->
    </test> <!-- Default test -->
  </suite> <!-- Default suite -->
</testng-results>
